<?xml version="1.0" encoding="UTF-8"?>
<!-- Generated by org.testng.reporters.JUnitReportReporter -->
<testsuite hostname="TYSS-Shobha" failures="0" tests="2" name="Pratice.Sample" time="0.007" errors="0" timestamp="2023-03-15T06:10:20 IST" skipped="0">
  <testcase classname="Pratice.Sample" name="deleteContact" time="0.001"/>
  <system-out/>
  <testcase classname="Pratice.Sample" name="createContact" time="0.006"/>
  <system-out/>
</testsuite> <!-- Pratice.Sample -->
