<?xml version="1.0" encoding="UTF-8"?>
<!-- Generated by org.testng.reporters.JUnitReportReporter -->
<testsuite hostname="TYSS-Shobha" failures="0" tests="3" name="Pratice.DataProviderEx" time="0.006" errors="0" timestamp="2023-03-15T05:43:18 IST" skipped="0">
  <testcase classname="Pratice.DataProviderEx" name="bookTickets" time="0.001"/>
  <system-out/>
  <testcase classname="Pratice.DataProviderEx" name="bookTickets" time="0.002"/>
  <system-out/>
  <testcase classname="Pratice.DataProviderEx" name="bookTickets" time="0.003"/>
  <system-out/>
</testsuite> <!-- Pratice.DataProviderEx -->
